Not Found: /ws/
Not Found: /
Not Found: /ws/
Not Found: /ws/
Not Found: /ws/
Not Found: /ws
Not Found: /ws/
Not Found: /ws/
Not Found: /ws/
Not Found: /
Not Found: /ws/
Not Found: /ws/
Not Found: /ws/
Not Found: /ws/
Not Found: /ws/
Not Found: /ws/
Not Found: /ws/
Not Found: /ws/
Not Found: /ws/
Not Found: /ws/
Not Found: /ws/
Not Found: /ws/
Not Found: /ws/
Not Found: /ws/
Not Found: /ws/
Not Found: /ws/
Not Found: /.env
Not Found: /ws/
Not Found: /ws/
Not Found: /ws/
Not Found: /ws/
Not Found: /ws/
Not Found: /socket.io/
Not Found: /socket.io/
Not Found: /socket.io/
Not Found: /socket.io/
Not Found: /socket.io/
Not Found: /socket.io/
Not Found: /socket.io/
Not Found: /socket.io/
Not Found: /socket.io/
Not Found: /socket.io/
Not Found: /socket.io/
Not Found: /socket.io/
Not Found: /socket.io/
Not Found: /socket.io/
Not Found: /socket.io/
Not Found: /socket.io/
Not Found: /socket.io/
Not Found: /socket.io/
Not Found: /socket.io/
Not Found: /socket.io/
Not Found: /socket.io/
Not Found: /socket.io/
Not Found: /socket.io/
Not Found: /socket.io/
Not Found: /socket.io/
Not Found: /socket.io/
Not Found: /socket.io/
Not Found: /socket.io/
Not Found: /socket.io/
Not Found: /socket.io/
Not Found: /socket.io/
Not Found: /socket.io/
Not Found: /socket.io/
Not Found: /socket.io/
Not Found: /socket.io/
Not Found: /socket.io/
Not Found: /socket.io/
Not Found: /socket.io/
Not Found: /socket.io/
Not Found: /socket.io/
Not Found: /ws/
Not Found: /ws/
Not Found: /ws/
Not Found: /ws/
Not Found: /ws/
Not Found: /ws/
Not Found: /ws/
Not Found: /ws/
Not Found: /ws/
Not Found: /api/about_us/zsx
Not Found: /api/about_us/zsx
Not Found: /ws/
Not Found: /ws/
Not Found: /ws/
Not Found: /ws/
Not Found: /ws/
Not Found: /ws/
Not Found: /ws/
Not Found: /
Not Found: /.env
Not Found: /
Not Found: /ws/
Not Found: /ws/
Not Found: /ws/
Not Found: /ws/
Not Found: /ws/
Not Found: /ws/
Not Found: /ws/
Not Found: /ws/
Not Found: /ws/
Not Found: /ws/
Not Found: /ws/
Not Found: /ws/
Not Found: /auth/login.html
Not Found: /ws/
Not Found: /ws/
Not Found: /ws/
Not Found: /ws/
Not Found: /ws/
Not Found: /invoker/readonly
Not Found: /_ignition/execute-solution
Not Found: /vendor/phpunit/phpunit/src/Util/PHP/eval-stdin.php
Not Found: /script
Not Found: /login
Not Found: /jenkins/login
Not Found: /manager/html
Not Found: /wp-login.php
Not Found: /users/sign_in
Not Found: /actuator/env
Not Found: /ws/
Not Found: /ws/
Not Found: /hudson
Not Found: /.env
Not Found: /robots.txt
Not Found: /Admin2f1c3d05/Login.php
Not Found: /l.php
Not Found: /phpinfo.php
Not Found: /test.php
Not Found: /index.php
Not Found: /bbs.php
Not Found: /forum.php
Not Found: /forums.php
Not Found: /bbs/index.php
Not Found: /forum/index.php
Not Found: /forums/index.php
Not Found: /ajax/render/widget_tabbedcontainer_tab_panel
Not Found: /bbs/ajax/render/widget_tabbedcontainer_tab_panel
Not Found: /forum/ajax/render/widget_tabbedcontainer_tab_panel
Not Found: /forums/ajax/render/widget_tabbedcontainer_tab_panel
Not Found: /cgi-bin/php
Not Found: /cgi-bin/php5
Not Found: /cgi-bin/php-cgi
Not Found: /cgi-bin/php.cgi
Not Found: /cgi-bin/php4
Not Found: /base/post.php
Not Found: /webdav/
Not Found: /ispirit/im/upload.php
Not Found: /help.php
Not Found: /java.php
Not Found: /_query.php
Not Found: /test.php
Not Found: /db_cts.php
Not Found: /db_pma.php
Not Found: /logon.php
Not Found: /help-e.php
Not Found: /license.php
Not Found: /log.php
Not Found: /hell.php
Not Found: /pmd_online.php
Not Found: /x.php
Not Found: /shell.php
Not Found: /HNAP1/
Not Found: /htdocs.php
Not Found: /b.php
Not Found: /sane.php
Not Found: /desktop.ini.php
Not Found: /z.php
Not Found: /lala.php
Not Found: /lala-dpr.php
Not Found: /wpc.php
Not Found: /wpo.php
Not Found: /t6nv.php
Not Found: /muhstik.php
Not Found: /text.php
Not Found: /wp-config.php
Not Found: /muhstik.php
Not Found: /muhstik2.php
Not Found: /muhstiks.php
Not Found: /muhstik-dpr.php
Not Found: /lol.php
Not Found: /uploader.php
Not Found: /cmd.php
Not Found: /cmv.php
Not Found: /cmdd.php
Not Found: /knal.php
Not Found: /cmd.php
Not Found: /shell.php
Not Found: /appserv.php
Not Found: /scripts/setup.php
Not Found: /phpmyadmin/scripts/setup.php
Not Found: /phpMyAdmin/scripts/setup.php
Not Found: /scripts/db___.init.php
Not Found: /phpmyadmin/scripts/db___.init.php
Not Found: /phpMyAdmin/scripts/db___.init.php
Not Found: /pma/scripts/setup.php
Not Found: /PMA/scripts/setup.php
Not Found: /myadmin/scripts/setup.php
Not Found: /MyAdmin/scripts/setup.php
Not Found: /pma/scripts/db___.init.php
Not Found: /PMA/scripts/db___.init.php
Not Found: /myadmin/scripts/db___.init.php
Not Found: /MyAdmin/scripts/db___.init.php
Not Found: /plugins/weathermap/editor.php
Not Found: /cacti/plugins/weathermap/editor.php
Not Found: /weathermap/editor.php
Not Found: /index.php
Not Found: /elrekt.php
Not Found: /App/
Not Found: /index.php/module/action/param1/${@die(md5(HelloThinkPHP))}
Not Found: /index.php
Not Found: /joomla/
Not Found: /Joomla/
Not Found: /d7.php
Not Found: /rxr.php
Not Found: /1x.php
Not Found: /home.php
Not Found: /undx.php
Not Found: /spider.php
Not Found: /payload.php
Not Found: /composers.php
Not Found: /izom.php
Not Found: /composer.php
Not Found: /hue2.php
Not Found: /Drupal.php
Not Found: /lang.php
Not Found: /izom.php
Not Found: /payload.php
Not Found: /new_license.php
Not Found: /images/!.php
Not Found: /images/vuln.php
Not Found: /hd.php
Not Found: /images/up.php
Not Found: /images/attari.php
Not Found: /images/jsspwneed.php
Not Found: /images/stories/cmd.php
Not Found: /images/stories/filemga.php
Not Found: /up.php
Not Found: /laravel.php
Not Found: /huoshan.php
Not Found: /yu.php
Not Found: /floaw.php
Not Found: /ftmabc.php
Not Found: /doudou.php
Not Found: /mjx.php
Not Found: /xiaoxia.php
Not Found: /yuyang.php
Not Found: /zz.php
Not Found: /coonig.php
Not Found: /ak.php
Not Found: /baidoubi.php
Not Found: /hhhhhh.php
Not Found: /meijianxue.php
Not Found: /no1.php
Not Found: /python.php
Not Found: /woshimengmei.php
Not Found: /indea.php
Not Found: /taisui.php
Not Found: /xiaxia.php
Not Found: /kk.php
Not Found: /xsser.php
Not Found: /zzz.php
Not Found: /99.php
Not Found: /dp.php
Not Found: /hs.php
Not Found: /1ts.php
Not Found: /haiyan.php
Not Found: /phpdm.php
Not Found: /root.php
Not Found: /5678.php
Not Found: /root11.php
Not Found: /xiu.php
Not Found: /wp-content/plugins/wp-file-manager/readme.txt
Not Found: /wordpress/wp-content/plugins/wp-file-manager/readme.txt
Not Found: /WordPress/wp-content/plugins/wp-file-manager/readme.txt
Not Found: /wp/wp-content/plugins/wp-file-manager/readme.txt
Not Found: /WP/wp-content/plugins/wp-file-manager/readme.txt
Not Found: /cms/wp-content/plugins/wp-file-manager/readme.txt
Not Found: /blog/wp-content/plugins/wp-file-manager/readme.txt
Not Found: /Blog/wp-content/plugins/wp-file-manager/readme.txt
Not Found: /dev/wp-content/plugins/wp-file-manager/readme.txt
Not Found: /demo/wp-content/plugins/wp-file-manager/readme.txt
Not Found: /site/wp-content/plugins/wp-file-manager/readme.txt
Not Found: /old/wp-content/plugins/wp-file-manager/readme.txt
Not Found: /backup/wp-content/plugins/wp-file-manager/readme.txt
Not Found: /templates.php
Not Found: /yitian.php
Not Found: /shell.php
Not Found: /expsky.php
Not Found: /beita.php
Not Found: /hello.php
Not Found: /routes.php
Not Found: /wuwu11.php
Not Found: /xw.php
Not Found: /xw1.php
Not Found: /9678.php
Not Found: /wc.php
Not Found: /xx.php
Not Found: /xx.php
Not Found: /s.php
Not Found: /w.php
Not Found: /sheep.php
Not Found: /qaq.php
Not Found: /my.php
Not Found: /qq.php
Not Found: /aaa.php
Not Found: /hhh.php
Not Found: /jjj.php
Not Found: /vvv.php
Not Found: /www.php
Not Found: /ffr.php
Not Found: /411.php
Not Found: /415.php
Not Found: /421.php
Not Found: /444.php
Not Found: /a411.php
Not Found: /whoami.php
Not Found: /whoami.php.php
Not Found: /9.php
Not Found: /98k.php
Not Found: /981.php
Not Found: /887.php
Not Found: /888.php
Not Found: /aa.php
Not Found: /bb.php
Not Found: /pp.php
Not Found: /tt.php
Not Found: /bbq.php
Not Found: /jj1.php
Not Found: /jbb.php
Not Found: /7o.php
Not Found: /qwq.php
Not Found: /nb.php
Not Found: /kpl.php
Not Found: /hgx.php
Not Found: /ppl.php
Not Found: /tty.php
Not Found: /ooi.php
Not Found: /aap.php
Not Found: /app.php
Not Found: /bbr.php
Not Found: /ioi.php
Not Found: /uuu.php
Not Found: /yyy.php
Not Found: /ack.php
Not Found: /shh.php
Not Found: /ddd.php
Not Found: /nnn.php
Not Found: /rrr.php
Not Found: /ttt.php
Not Found: /bbqq.php
Not Found: /tyrant.php
Not Found: /qiqi.php
Not Found: /qiqi1.php
Not Found: /zhk.php
Not Found: /bbv.php
Not Found: /605.php
Not Found: /admin1.php
Not Found: /xi.php
Not Found: /999.php
Not Found: /jsc.php
Not Found: /jsc.php.php
Not Found: /jsc.php
Not Found: /11a.php
Not Found: /kkl.php
Not Found: /ks1.php
Not Found: /ooo.php
Not Found: /wsx.php
Not Found: /lz.php
Not Found: /zmp.php
Not Found: /803.php
Not Found: /zzz.php
Not Found: /ze.php
Not Found: /nnb.php
Not Found: /lkio.php
Not Found: /mm.php
Not Found: /mmp.php
Not Found: /hades.php
Not Found: /muma.php
Not Found: /shell.php
Not Found: /zza.php
Not Found: /ag.php
Not Found: /2ndex.php
Not Found: /my.php
Not Found: /aa.php
Not Found: /qq.php
Not Found: /config.php
Not Found: /1.php
Not Found: /1.php
Not Found: /miao.php
Not Found: /j.php
Not Found: /cc.php
Not Found: /xiaodai.php
Not Found: /abak.php
Not Found: /pass.php
Not Found: /olelist.php
Not Found: /a.php
Not Found: /t00ls.php
Not Found: /about_ver.php
Not Found: /edmin.php
Not Found: /sconfig.php
Not Found: /indax.php
Not Found: /logo.php
Not Found: /o.php
Not Found: /shell.php
Not Found: /tools.php
Not Found: /asjc.php
Not Found: /test.php
Not Found: /freebook.php
Not Found: /goodbook.php
Not Found: /2.php
Not Found: /tools.php
Not Found: /indexl.php
Not Found: /gotemp.php
Not Found: /sql.php
Not Found: /conf.php
Not Found: /pagefile.php
Not Found: /settings.php
Not Found: /system.php
Not Found: /test123.php
Not Found: /think.php
Not Found: /db.init.php
Not Found: /db_session.init.php
Not Found: /db__.init.php
Not Found: /wp-admins.php
Not Found: /m.php
Not Found: /error.php
Not Found: /he.php
Not Found: /099.php
Not Found: /_404.php
Not Found: /Alarg53.php
Not Found: /lapan.php
Not Found: /p34ky1337.php
Not Found: /pk1914.php
Not Found: /sllolx.php
Not Found: /Skri.php
Not Found: /db_dataml.php
Not Found: /db_desql.php
Not Found: /mx.php
Not Found: /wshell.php
Not Found: /xshell.php
Not Found: /qq.php
Not Found: /conflg.php
Not Found: /conflg.php
Not Found: /lindex.php
Not Found: /phpstudy.php
Not Found: /phpStudy.php
Not Found: /weixiao.php
Not Found: /feixiang.php
Not Found: /ak47.php
Not Found: /ak48.php
Not Found: /xiao.php
Not Found: /yao.php
Not Found: /defect.php
Not Found: /webslee.php
Not Found: /q.php
Not Found: /pe.php
Not Found: /hm.php
Not Found: /sz.php
Not Found: /cainiao.php
Not Found: /zuoshou.php
Not Found: /zuo.php
Not Found: /aotu.php
Not Found: /aotu7.php
Not Found: /cmd.php
Not Found: /cmd.php
Not Found: /bak.php
Not Found: /system.php
Not Found: /l6.php
Not Found: /l7.php
Not Found: /l8.php
Not Found: /q.php
Not Found: /56.php
Not Found: /mz.php
Not Found: /yumo.php
Not Found: /min.php
Not Found: /wan.php
Not Found: /wanan.php
Not Found: /ssaa.php
Not Found: /ssaa.php
Not Found: /qq.php
Not Found: /aw.php
Not Found: /12.php
Not Found: /hh.php
Not Found: /ak.php
Not Found: /ip.php
Not Found: /infoo.php
Not Found: /qwe.php
Not Found: /1213.php
Not Found: /post.php
Not Found: /aaaa.php
Not Found: /h1.php
Not Found: /test.php
Not Found: /3.php
Not Found: /4.php
Not Found: /phpinfi.php
Not Found: /9510.php
Not Found: /python.php
Not Found: /default.php
Not Found: /sean.php
Not Found: /app.php
Not Found: /help.php
Not Found: /tiandi.php
Not Found: /xz.php
Not Found: /beimeng.php
Not Found: /linuxse.php
Not Found: /zuoindex.php
Not Found: /zshmindex.php
Not Found: /tomcat.php
Not Found: /ceshi.php
Not Found: /1hou.php
Not Found: /ou2.php
Not Found: /zuos.php
Not Found: /zuoss.php
Not Found: /zuoshss.php
Not Found: /789056.php
Not Found: /abc776.php
Not Found: /afafaf.php
Not Found: /jyyy.php
Not Found: /ooo23.php
Not Found: /htfr.php
Not Found: /boots.php
Not Found: /she.php
Not Found: /s.php
Not Found: /qw.php
Not Found: /test.php
Not Found: /caonma.php
Not Found: /wcp.php
Not Found: /u.php
Not Found: /uu.php
Not Found: /uuu.php
Not Found: /sss.php
Not Found: /ooo.php
Not Found: /ss.php
Not Found: /ss.php
Not Found: /sss.php
Not Found: /mazi.php
Not Found: /phpini.php
Not Found: /1.php
Not Found: /2.php
Not Found: /core.php
Not Found: /qaz.php
Not Found: /sha.php
Not Found: /ppx.php
Not Found: /confg.php
Not Found: /conf1g.php
Not Found: /confg.php
Not Found: /confg.php
Not Found: /confg.php
Not Found: /ver.php
Not Found: /hack.php
Not Found: /hack.php
Not Found: /qa.php
Not Found: /Ss.php
Not Found: /92.php
Not Found: /z.php
Not Found: /x.php
Not Found: /dexgp.php
Not Found: /nuoxi.php
Not Found: /godkey.php
Not Found: /okokok.php
Not Found: /erwa.php
Not Found: /pma.php
Not Found: /ruyi.php
Not Found: /51314.php
Not Found: /5201314.php
Not Found: /fusheng.php
Not Found: /general.php
Not Found: /repeat.php
Not Found: /ldw.php
Not Found: /api.php
Not Found: /s1.php
Not Found: /hello.php
Not Found: /hello.php
Not Found: /admn.php
Not Found: /hell.php
Not Found: /hell.php
Not Found: /xp.php
Not Found: /1.php
Not Found: /2.php
Not Found: /p.php
Not Found: /1.php
Not Found: /a.php
Not Found: /m.php
Not Found: /conf.php
Not Found: /123.php
Not Found: /1234.php
Not Found: /HX.php
Not Found: /diy.php
Not Found: /666.php
Not Found: /777.php
Not Found: /qwq.php
Not Found: /qwqw.php
Not Found: /.php
Not Found: /infos.php
Not Found: /x.php
Not Found: /lucky.php
Not Found: /zzk.php
Not Found: /toor.php
Not Found: /uu.php
Not Found: /a.php
Not Found: /aaa.php
Not Found: /wb.php
Not Found: /yj.php
Not Found: /z.php
Not Found: /7.php
Not Found: /xiaoma.php
Not Found: /xiaomae.php
Not Found: /xiaomar.php
Not Found: /qq.php
Not Found: /data.php
Not Found: /log.php
Not Found: /fack.php
Not Found: /angge.php
Not Found: /cxfm666.php
Not Found: /db.php
Not Found: /hacly.php
Not Found: /xiaomo.php
Not Found: /xiaoyu.php
Not Found: /xiaohei.php
Not Found: /qq5262.php
Not Found: /lost.php
Not Found: /php.php
Not Found: /win.php
Not Found: /win1.php
Not Found: /linux.php
Not Found: /linux1.php
Not Found: /CC.php
Not Found: /x.php
Not Found: /lanke.php
Not Found: /neko.php
Not Found: /super.php
Not Found: /cer.php
Not Found: /cere.php
Not Found: /aaa.php
Not Found: /Administrator.php
Not Found: /liangchen.php
Not Found: /lucky.php
Not Found: /meng.php
Not Found: /no.php
Not Found: /mysql.php
Not Found: /Updata.php
Not Found: /xxxx.php
Not Found: /guai.php
Not Found: /ljb.php
Not Found: /www.php
Not Found: /1.php
Not Found: /chaoda.php
Not Found: /qq.php
Not Found: /vuln.php
Not Found: /vuln1.php
Not Found: /orange.php
Not Found: /erba.php
Not Found: /link.php
Not Found: /linkr.php
Not Found: /linkx.php
Not Found: /kvast.php
Not Found: /xiaobin.php
Not Found: /ppp.php
Not Found: /ppp.php
Not Found: /lm.php
Not Found: /zzz.php
Not Found: /520.php
Not Found: /jkl.php
Not Found: /lmn.php
Not Found: /bx.php
Not Found: /Moxin.PHP
Not Found: /g.php
Not Found: /CCC.PHP
Not Found: /CCCC.PHP
Not Found: /mobai.PHP
Not Found: /avast.php
Not Found: /abc.php
Not Found: /Pings.php
Not Found: /123.php
Not Found: /log.php
Not Found: /log.php
Not Found: /log1.php
Not Found: /alipay.php
Not Found: /vf.php
Not Found: /tianqi.php
Not Found: /can.php
Not Found: /can.php
Not Found: /dns.php
Not Found: /dns.php
Not Found: /cmd.php
Not Found: /juji.php
Not Found: /n24.php
Not Found: /temp.php
Not Found: /jiaochi.php
Not Found: /ganzhuolang.php
Not Found: /987.php
Not Found: /h156.php
Not Found: /666666.php
Not Found: /xh.php
Not Found: /key.php
Not Found: /jb.php
Not Found: /duke.php
Not Found: /llld.php
Not Found: /404.php
Not Found: /jy.php
Not Found: /123.php
Not Found: /v.php
Not Found: /luoke.php
Not Found: /nidage.php
Not Found: /sanan.php
Not Found: /02.php
Not Found: /ddd.php
Not Found: /mo.php
Not Found: /sbkc.php
Not Found: /sbkcb.php
Not Found: /cnm.php
Not Found: /tests.php
Not Found: /luoran.php
Not Found: /luoran6.php
Not Found: /asen.php
Not Found: /fx.php
Not Found: /hl.php
Not Found: /1556189185.php
Not Found: /que.php
Not Found: /shanzhi.php
Not Found: /yc.php
Not Found: /ycc.php
Not Found: /yccc.php
Not Found: /lr.php
Not Found: /lr.php
Not Found: /2.php
Not Found: /xixi.php
Not Found: /qiqi.php
Not Found: /qiqi11.php
Not Found: /ruii.php
Not Found: /ci.php
Not Found: /mutuba.php
Not Found: /taocishun.php
Not Found: /gg.php
Not Found: /xiong.php
Not Found: /jing.php
Not Found: /ganshiqiang.php
Not Found: /n23.php
Not Found: /infos.php
Not Found: /api.php
Not Found: /zxc.php
Not Found: /sqlk.php
Not Found: /xx33.php
Not Found: /aotian.php
Not Found: /buluya.php
Not Found: /oumi.php
Not Found: /qiangkezhi.php
Not Found: /ce.PHP
Not Found: /cs.php
Not Found: /ww.php
Not Found: /zyc.php
Not Found: /inde.php
Not Found: /1.php
Not Found: /info8.php
Not Found: /qqq.php
Not Found: /lequ.php
Not Found: /anyi.php
Not Found: /user.php
Not Found: /xiao.php
Not Found: /wanmei.php
Not Found: /wuwu.php
Not Found: /bf.php
Not Found: /bf.php
Not Found: /bn.php
Not Found: /gsy.php
Not Found: /iis.php
Not Found: /zxy.php
Not Found: /zxy.php
Not Found: /zxy.php
Not Found: /yyx.php
Not Found: /ml.php
Not Found: /xs.php
Not Found: /phplil.php
Not Found: /config.inc.php
Not Found: /ss.php
Not Found: /ll.php
Not Found: /secure.php
Not Found: /secure.php
Not Found: /secure1.php
Not Found: /7.php
Not Found: /go.php
Not Found: /web.php
Not Found: /wulv.php
Not Found: /xiaomi.php
Not Found: /fans.php
Not Found: /infos.php
Not Found: /phpinf.php
Not Found: /MCLi.php
Not Found: /MCLi.php
Not Found: /coon.php
Not Found: /1.php
Not Found: /6.php
Not Found: /d.php
Not Found: /function.inc.php
Not Found: /userr.php
Not Found: /ysy.php
Not Found: /3.php
Not Found: /zxc.php
Not Found: /Hzllaga.php
Not Found: /inc.php
Not Found: /webconfig.php
Not Found: /code.php
Not Found: /temtel.php
Not Found: /data.php
Not Found: /.config.php
Not Found: /test.php
Not Found: /cron.php
Not Found: /v.php
Not Found: /vulnspy.php
Not Found: /jsc.php
Not Found: /soga.php
Not Found: /in.php
Not Found: /zxc1.php
Not Found: /zxc0.php
Not Found: /zxc1.php
Not Found: /zxc2.php
Not Found: /indexa.php
Not Found: /lx.php
Not Found: /cn.php
Not Found: /lunxun.php
Not Found: /api.php
Not Found: /index1.php
Not Found: /info.php
Not Found: /info1.php
Not Found: /aaaaaa1.php
Not Found: /up.php
Not Found: /test123.php
Not Found: /test123.php
Not Found: /fb.php
Not Found: /paylog.php
Not Found: /paylog.php
Not Found: /x.php
Not Found: /cnm.php
Not Found: /test404.php
Not Found: /test.php
Not Found: /phpinf0.php
Not Found: /1ndex.php
Not Found: /autoloader.php
Not Found: /class1.php
Not Found: /test404.php
Not Found: /shi.php
Not Found: /think.php
Not Found: /back.php
Not Found: /DJ.php
Not Found: /.git.php
Not Found: /shipu.php
Not Found: /fantao.php
Not Found: /config.php
Not Found: /config.php
Not Found: /Config_Shell.php
Not Found: /fdgq.php
Not Found: /spread.php
Not Found: /1222.php
Not Found: /111.php
Not Found: /spre.php
Not Found: /infosys.php
Not Found: /1ndex.php
Not Found: /info.php
Not Found: /51.php
Not Found: /cadre.php
Not Found: /mm.php
Not Found: /test.php
Not Found: /1q.php
Not Found: /1111.php
Not Found: /errors.php
Not Found: /q.php
Not Found: /lanyecn.php
Not Found: /lanyecn.php
Not Found: /mybestloves.php
Not Found: /xiaoxi.php
Not Found: /xiaoxi.php
Not Found: /ww.php
Not Found: /pop.php
Not Found: /ok.php
Not Found: /test.php
Not Found: /conf.php
Not Found: /dashu.php
Not Found: /shell.php
Not Found: /queqiao.php
Not Found: /12345.php
Not Found: /qqq.php
Not Found: /15.php
Not Found: /slider.php
Not Found: /qunhuang.php
Not Found: /hannan.php
Not Found: /confie.php
Not Found: /igo.php
Not Found: /code.php
Not Found: /ss.php
Not Found: /php.php
Not Found: /about.php
Not Found: /incs.php
Not Found: /159.php
Not Found: /test.php
Not Found: /test1.php
Not Found: /images/1.php
Not Found: /images/asp.php
Not Found: /images/entyy.php
Not Found: /images/1ndex.php
Not Found: /images/defau1t.php
Not Found: /webconfig.txt.php
Not Found: /administrator/webconfig.txt.php
Not Found: /api.php
Not Found: /luso.php
Not Found: /1ndex.php
Not Found: /indexbak.php
Not Found: /4o4.php
Not Found: /xmlrpc.php
Not Found: /blog/xmlrpc.php
Not Found: /errors/processor.php
Not Found: /vendor/phpunit/phpunit/src/Util/PHP/eval-stdin.php
Not Found: /vendor/phpunit/phpunit/Util/PHP/eval-stdin.php
Not Found: /vendor/phpunit/src/Util/PHP/eval-stdin.php
Not Found: /vendor/phpunit/Util/PHP/eval-stdin.php
Not Found: /phpunit/phpunit/src/Util/PHP/eval-stdin.php
Not Found: /phpunit/phpunit/Util/PHP/eval-stdin.php
Not Found: /phpunit/src/Util/PHP/eval-stdin.php
Not Found: /phpunit/Util/PHP/eval-stdin.php
Not Found: /lib/phpunit/phpunit/src/Util/PHP/eval-stdin.php
Not Found: /lib/phpunit/phpunit/Util/PHP/eval-stdin.php
Not Found: /lib/phpunit/src/Util/PHP/eval-stdin.php
Not Found: /lib/phpunit/Util/PHP/eval-stdin.php
Not Found: /sites/all/libraries/mailchimp/vendor/phpunit/phpunit/src/Util/PHP/eval-stdin.php
Not Found: /wp-content/plugins/cloudflare/vendor/phpunit/phpunit/src/Util/PHP/eval-stdin.php
Not Found: /wp-content/plugins/dzs-videogallery/class_parts/vendor/phpunit/phpunit/src/Util/PHP/eval-stdin.php
Not Found: /wp-content/plugins/jekyll-exporter/vendor/phpunit/phpunit/src/Util/PHP/eval-stdin.php
Not Found: /wp-content/plugins/mm-plugin/inc/vendors/vendor/phpunit/phpunit/src/Util/PHP/eval-stdin.php
Not Found: /blog/vendor/phpunit/phpunit/src/Util/PHP/eval-stdin.php
Not Found: /laravel/vendor/phpunit/phpunit/src/Util/PHP/eval-stdin.php
Not Found: /panel/vendor/phpunit/phpunit/src/Util/PHP/eval-stdin.php
Forbidden (CSRF cookie not set.): /admin/vendor/phpunit/phpunit/src/Util/PHP/eval-stdin.php
Not Found: /cms/vendor/phpunit/phpunit/src/Util/PHP/eval-stdin.php
Not Found: /dev/vendor/phpunit/phpunit/src/Util/PHP/eval-stdin.php
Not Found: /old/vendor/phpunit/phpunit/src/Util/PHP/eval-stdin.php
Not Found: /new/vendor/phpunit/phpunit/src/Util/PHP/eval-stdin.php
Not Found: /backup/vendor/phpunit/phpunit/src/Util/PHP/eval-stdin.php
Not Found: /www/vendor/phpunit/phpunit/src/Util/PHP/eval-stdin.php
Not Found: /protected/vendor/phpunit/phpunit/src/Util/PHP/eval-stdin.php
Not Found: /plus/90sec.php
Not Found: /plus/read.php
Not Found: /plus/moon.php
Not Found: /plus/laobiao.php
Not Found: /plus/laobiaoaien.php
Not Found: /plus/e7xue.php
Not Found: /plus/mybak.php
Not Found: /plus/service.php
Not Found: /plus/xsvip.php
Not Found: /plus/bakup.php
Not Found: /include/tags.php
Not Found: /include/data/tags.php
Not Found: /images/swfupload/tags.php
Not Found: /dong.php
Not Found: /xun.php
Not Found: /plus/gu.php
Not Found: /plus/tou.php
Not Found: /plus/ma.php
Not Found: /plus/mytag.php
Not Found: /plus/dajihi.php
Not Found: /plus/shaoyong.php
Not Found: /datas.php
Not Found: /aojiao.php
Not Found: /guipu.php
Not Found: /zhui.php
Not Found: /plus/lucas.php
Not Found: /plus/canshi.php
Not Found: /plus/yunjitan.php
Not Found: /ji.php
Not Found: /xing.php
Not Found: /plus/huai.php
Not Found: /plus/qiang.php
Not Found: /plus/result.php
Not Found: /c.php
Not Found: /c.php
Not Found: /test.php
Not Found: /laobiao.php
Not Found: /sample.php
Not Found: /wp-includes/css/modules.php
Not Found: /wp-includes/css/wp-config.php
Not Found: /wp-includes/css/wp-login.php
Not Found: /wp-includes/fonts/modules.php
Not Found: /wp-includes/fonts/wp-config.php
Not Found: /wp-includes/fonts/wp-login.php
Not Found: /wp-includes/modules/modules.php
Not Found: /wp-includes/modules/wp-config.php
Not Found: /wp-includes/modules/wp-login.php
Not Found: /shell.php
Not Found: /data/admin/help.php
Not Found: /12.php
Not Found: /ecmsmod.php
Not Found: /seeyon/htmlofficeservlet
Not Found: /secure/ContactAdministrators!default.jspa
Not Found: /weaver/bsh.servlet.BshServlet
Not Found: /servlet/~ic/bsh.servlet.BshServlet
Not Found: /solr/
Not Found: /console/login/LoginForm.jsp
Not Found: /index.php
Not Found: /user/register
Not Found: /joomla/
Not Found: /user.php
Not Found: /index.php
Not Found: /phpmyadmin/index.php
Not Found: /phpMyAdmin/index.php
Not Found: /pmd/index.php
Not Found: /pma/index.php
Not Found: /PMA/index.php
Not Found: /PMA2/index.php
Not Found: /pmamy/index.php
Not Found: /pmamy2/index.php
Not Found: /mysql/index.php
Not Found: /db/index.php
Not Found: /dbadmin/index.php
Not Found: /web/phpMyAdmin/index.php
Not Found: /mysqladmin/index.php
Not Found: /mysql-admin/index.php
Not Found: /mysql_admin/index.php
Not Found: /phpadmin/index.php
Not Found: /phpAdmin/index.php
Not Found: /phpmyadmin0/index.php
Not Found: /phpmyadmin1/index.php
Not Found: /phpmyadmin2/index.php
Not Found: /phpMyAdmin-4.4.0/index.php
Not Found: /phpMyAdmin4.8.0/index.php
Not Found: /phpMyAdmin4.8.1/index.php
Not Found: /phpMyAdmin4.8.2/index.php
Not Found: /phpMyAdmin4.8.3/index.php
Not Found: /phpMyAdmin4.8.4/index.php
Not Found: /phpMyAdmin4.8.5/index.php
Not Found: /myadmin/index.php
Not Found: /myadmin2/index.php
Not Found: /xampp/phpmyadmin/index.php
Not Found: /phpMyadmin_bak/index.php
Not Found: /www/phpMyAdmin/index.php
Not Found: /tools/phpMyAdmin/index.php
Not Found: /phpmyadmin-old/index.php
Not Found: /phpMyAdminold/index.php
Not Found: /phpMyAdmin.old/index.php
Not Found: /pma-old/index.php
Not Found: /claroline/phpMyAdmin/index.php
Not Found: /typo3/phpmyadmin/index.php
Not Found: /phpma/index.php
Not Found: /phpmyadmin/phpmyadmin/index.php
Not Found: /phpMyAdmin/phpMyAdmin/index.php
Not Found: /phpMyAbmin/index.php
Not Found: /phpMyAdmin__/index.php
Not Found: /phpMyAdmin+++---/index.php
Not Found: /v/index.php
Not Found: /phpmyadm1n/index.php
Not Found: /phpMyAdm1n/index.php
Not Found: /shaAdmin/index.php
Not Found: /phpMyadmi/index.php
Not Found: /phpMyAdmion/index.php
Not Found: /s/index.php
Not Found: /MyAdmin/index.php
Not Found: /phpMyAdmin1/index.php
Not Found: /phpMyAdmin123/index.php
Not Found: /pwd/index.php
Not Found: /phpMyAdmina/index.php
Not Found: /phpMydmin/index.php
Not Found: /phpMyAdmins/index.php
Not Found: /phpMyAdmin._/index.php
Not Found: /phpMyAdmin._2/index.php
Not Found: /phpmyadmin2222/index.php
Not Found: /phpMyAdmin333/index.php
Not Found: /phpmyadmin3333/index.php
Not Found: /php2MyAdmin/index.php
Not Found: /phpiMyAdmin/index.php
Not Found: /phpNyAdmin/index.php
Not Found: /1/index.php
Not Found: /download/index.php
Not Found: /phpMyAdmin_111/index.php
Not Found: /phpmadmin/index.php
Not Found: /321/index.php
Not Found: /123131/index.php
Not Found: /phpMyAdminn/index.php
Not Found: /phpMyAdminhf/index.php
Not Found: /sbb/index.php
Not Found: /WWW/phpMyAdmin/index.php
Not Found: /phpMyAdmln/index.php
Not Found: /phpMyAdmin_ai/index.php
Not Found: /__phpMyAdmin/index.php
Not Found: /program/index.php
Not Found: /shopdb/index.php
Not Found: /phppma/index.php
Not Found: /phpmy/index.php
Not Found: /mysql/admin/index.php
Not Found: /mysql/dbadmin/index.php
Not Found: /mysql/sqlmanager/index.php
Not Found: /mysql/mysqlmanager/index.php
Not Found: /wp-content/plugins/portable-phpmyadmin/wp-pma-mod/index.php
Not Found: /sqladmin/index.php
Not Found: /sql/index.php
Not Found: /SQL/index.php
Not Found: /websql/index.php
Not Found: /MySQLAdmin/index.php
Not Found: /manager/html
Not Found: /axis2/axis2-admin/login
Not Found: /login
Not Found: /jenkins/login
Not Found: /.git/config
Not Found: /.env
Forbidden (CSRF cookie not set.): /
Not Found: /boaform/admin/formLogin
Not Found: /.env
Forbidden (CSRF cookie not set.): /
Not Found: /vendor/phpunit/phpunit/src/Util/PHP/eval-stdin.php
Not Found: /.git/config
Not Found: /.env
Forbidden (CSRF cookie not set.): /
Not Found: /robots.txt
Not Found: /sitemap.xml
Not Found: /.well-known/security.txt
Not Found: /.git/HEAD
Not Found: /mftp/
Not Found: /.env
Not Found: /.env
Not Found: /mgmt/tm/util/bash
Not Found: /boaform/admin/formLogin
Not Found: /.env
Not Found: /boaform/admin/formLogin
Not Found: /boaform/admin/formLogin
Not Found: /boaform/admin/formLogin
Not Found: /auth/login.html
Not Found: /.git/config
Not Found: /boaform/admin/formLogin
Not Found: /boaform/admin/formLogin
Not Found: /database/index.php
Not Found: /db/phpMyAdmin-5/index.php
Not Found: /boaform/admin/formLogin
Not Found: /.git/config
Not Found: /HNAP1/
Not Found: /.env
Forbidden (CSRF cookie not set.): /
Not Found: /.env
Forbidden (CSRF cookie not set.): /
Not Found: /config/getuser
Not Found: /auth/login.html
Not Found: /boaform/admin/formLogin
Not Found: /db/phpmyadmin5/index.php
Not Found: /sql/sqlweb/index.php
Not Found: /phpmyAdmin/index.php
Not Found: /mysql/sqlmanager/index.php
Not Found: /db/phpmyadmin/index.php
Not Found: /mysql/web/index.php
Not Found: /phpmyadmin_/index.php
Not Found: /phpmyadmin/index.php
Not Found: /phpmyadmin3/index.php
Not Found: /administrator/web/index.php
Not Found: /_phpMyAdmin/index.php
Not Found: /.git/HEAD
Not Found: /.env
Not Found: /.env
Forbidden (CSRF cookie not set.): /
